<?xml version="1.0" encoding="UTF-8"?>
<!-- Generated by org.testng.reporters.JUnitReportReporter -->
<testsuite hostname="Smtc-R-0208" failures="0" tests="2" name="testMembersAPI.Test_04_getAndPostExample" time="1.915" errors="0" timestamp="2023-05-07T22:55:03 IST" skipped="1">
  <testcase classname="testMembersAPI.Test_04_getAndPostExample" name="testAddMembersIntoAPI" time="1.915"/>
  <system-out/>
  <testcase classname="testMembersAPI.Test_04_getAndPostExample" name="testGetAllMembers">
    <skipped/>
  </testcase> <!-- testGetAllMembers -->
  <system-out/>
</testsuite> <!-- testMembersAPI.Test_04_getAndPostExample -->
