<?xml version="1.0" encoding="UTF-8"?>
<!-- Generated by org.testng.reporters.JUnitReportReporter -->
<testsuite hostname="Smtc-R-0208" failures="0" tests="1" name="testMembersAPI.Test_02_getmemberByID" time="2.465" errors="0" timestamp="2023-04-28T11:34:09 IST" skipped="0">
  <testcase classname="testMembersAPI.Test_02_getmemberByID" name="getAllMembers" time="2.465"/>
  <system-out/>
</testsuite> <!-- testMembersAPI.Test_02_getmemberByID -->
