<?xml version="1.0" encoding="UTF-8"?>
<!-- Generated by org.testng.reporters.JUnitReportReporter -->
<testsuite hostname="Smtc-R-0208" failures="0" tests="1" name="testMembersAPI.Test_05_DeleteExample" time="1.871" errors="0" timestamp="2023-04-28T13:10:56 IST" skipped="0">
  <testcase classname="testMembersAPI.Test_05_DeleteExample" name="testUpdate" time="1.871"/>
  <system-out/>
</testsuite> <!-- testMembersAPI.Test_05_DeleteExample -->
