<?xml version="1.0" encoding="UTF-8"?>
<!-- Generated by org.testng.reporters.JUnitReportReporter -->
<testsuite hostname="Smtc-R-0208" failures="0" tests="4" name="testMembersAPI.Test_03_getMemberUsingStaticImport" time="2.746" errors="0" timestamp="2023-05-07T22:51:25 IST" skipped="3">
  <testcase classname="testMembersAPI.Test_03_getMemberUsingStaticImport" name="test_03_getMemberByname" time="2.746"/>
  <system-out/>
  <testcase classname="testMembersAPI.Test_03_getMemberUsingStaticImport" name="test_03_getMemberByID">
    <skipped/>
  </testcase> <!-- test_03_getMemberByID -->
  <system-out/>
  <testcase classname="testMembersAPI.Test_03_getMemberUsingStaticImport" name="test_01_getAllMembers">
    <skipped/>
  </testcase> <!-- test_01_getAllMembers -->
  <system-out/>
  <testcase classname="testMembersAPI.Test_03_getMemberUsingStaticImport" name="test_02_getAllMembers">
    <skipped/>
  </testcase> <!-- test_02_getAllMembers -->
  <system-out/>
</testsuite> <!-- testMembersAPI.Test_03_getMemberUsingStaticImport -->
