<?xml version="1.0" encoding="UTF-8"?>
<!-- Generated by org.testng.reporters.JUnitReportReporter -->
<testsuite hostname="Smtc-R-0208" failures="0" tests="1" name="testMembersAPI.Test_05_PutExample" time="2.360" errors="0" timestamp="2023-04-28T13:07:21 IST" skipped="0">
  <testcase classname="testMembersAPI.Test_05_PutExample" name="testUpdate" time="2.360"/>
  <system-out/>
</testsuite> <!-- testMembersAPI.Test_05_PutExample -->
