<?xml version="1.0" encoding="UTF-8"?>
<!-- Generated by org.testng.reporters.JUnitReportReporter -->
<testsuite hostname="Smtc-R-0208" failures="0" tests="1" name="testMembersAPI.Test_01_getAllMembers" time="2.054" errors="0" timestamp="2023-05-07T22:43:37 IST" skipped="0">
  <testcase classname="testMembersAPI.Test_01_getAllMembers" name="getAllMembers" time="2.054"/>
  <system-out/>
</testsuite> <!-- testMembersAPI.Test_01_getAllMembers -->
